{"level":"error","message":"something wrong nih"}
{"level":"error","message":"error nih"}
{"level":"info","message":"connected mongo..."}
{"level":"info","message":"connected mongo..."}
{"level":"info","message":"connected mongo mongodb://localhost/learning-db-test..."}
{"level":"info","message":"connected mongo mongodb://localhost/learning-db-test..."}
{"level":"info","message":"connected mongo mongodb://localhost/learning-db-test..."}
{"level":"info","message":"connected mongo mongodb://localhost/learning-db-test..."}
{"level":"info","message":"connected mongo mongodb://localhost/learning-db-test..."}
{"level":"info","message":"connected mongo mongodb://localhost/learning-db-test..."}
{"level":"info","message":"connected mongo mongodb://localhost/learning-db-test..."}
{"level":"info","message":"connected mongo mongodb://localhost/learning-db-test..."}
{"level":"info","message":"connected mongo mongodb://localhost/learning-db-test..."}
{"level":"info","message":"connected mongo mongodb://localhost/learning-db-test..."}
{"level":"info","message":"connected mongo mongodb://localhost/learning-db-test..."}
{"level":"info","message":"connected mongo mongodb://localhost/learning-db-test..."}
{"level":"info","message":"connected mongo mongodb://localhost/learning-db-test..."}
{"level":"info","message":"connected mongo mongodb://localhost/learning-db-test..."}
{"level":"info","message":"connected mongo mongodb://localhost/learning-db-test..."}
{"level":"info","message":"connected mongo mongodb://localhost/learning-db-test..."}
{"level":"info","message":"connected mongo mongodb://localhost/learning-db-test..."}
{"level":"info","message":"connected mongo mongodb://localhost/learning-db-test..."}
{"level":"info","message":"connected mongo mongodb://localhost/learning-db-test..."}
{"level":"info","message":"connected mongo mongodb://localhost/learning-db-test..."}
{"level":"info","message":"connected mongo mongodb://localhost/learning-db-test..."}
{"level":"info","message":"connected mongo mongodb://localhost/learning-db-test..."}
{"level":"info","message":"connected mongo mongodb://localhost/learning-db-test..."}
{"level":"info","message":"connected mongo mongodb://localhost/learning-db-test..."}
{"level":"info","message":"connected mongo mongodb://localhost/learning-db-test..."}
{"level":"info","message":"connected mongo mongodb://localhost/learning-db-test..."}
{"level":"info","message":"connected mongo mongodb://localhost/learning-db-test..."}
{"level":"info","message":"connected mongo mongodb://localhost/learning-db-test..."}
{"level":"info","message":"connected mongo mongodb://localhost/learning-db-test..."}
{"level":"info","message":"connected mongo mongodb://localhost/learning-db-test..."}
{"level":"info","message":"connected mongo mongodb://localhost/learning-db-test..."}
{"level":"info","message":"connected mongo mongodb://localhost/learning-db-test..."}
{"level":"info","message":"connected mongo mongodb://localhost/learning-db-test..."}
{"level":"info","message":"connected mongo mongodb://localhost/learning-db-test..."}
{"level":"info","message":"connected mongo mongodb://localhost/learning-db-test..."}
{"level":"info","message":"connected mongo mongodb://localhost/learning-db-test..."}
{"level":"info","message":"connected mongo mongodb://localhost/learning-db-test..."}
{"level":"info","message":"connected mongo mongodb://localhost/learning-db-test..."}
{"level":"info","message":"connected mongo mongodb://localhost/learning-db-test..."}
{"level":"info","message":"connected mongo mongodb://localhost/learning-db-test..."}
{"level":"info","message":"connected mongo mongodb://localhost/learning-db-test..."}
{"level":"info","message":"connected mongo mongodb://localhost/learning-db-test..."}
{"level":"info","message":"connected mongo mongodb://localhost/learning-db-test..."}
{"level":"info","message":"connected mongo mongodb://localhost/learning-db-test..."}
{"level":"info","message":"connected mongo mongodb://localhost/learning-db-test..."}
{"level":"info","message":"connected mongo mongodb://localhost/learning-db-test..."}
{"level":"info","message":"connected mongo mongodb://localhost/learning-db-test..."}
{"level":"info","message":"connected mongo mongodb://localhost/learning-db-test..."}
{"level":"info","message":"connected mongo mongodb://localhost/learning-db-test..."}
{"level":"info","message":"connected mongo mongodb://localhost/learning-db-test..."}
{"level":"info","message":"connected mongo mongodb://localhost/learning-db-test..."}
{"level":"info","message":"connected mongo mongodb://localhost/learning-db-test..."}
{"level":"info","message":"connected mongo mongodb://localhost/learning-db-test..."}
{"level":"info","message":"connected mongo mongodb://localhost/learning-db-test..."}
{"level":"info","message":"connected mongo mongodb://localhost/learning-db-test..."}
{"level":"info","message":"connected mongo mongodb://localhost/learning-db-test..."}
{"level":"info","message":"connected mongo mongodb://localhost/learning-db-test..."}
{"level":"info","message":"connected mongo mongodb://localhost/learning-db-test..."}
{"level":"info","message":"connected mongo mongodb://localhost/learning-db-test..."}
{"level":"info","message":"connected mongo mongodb://localhost/learning-db-test..."}
{"level":"info","message":"connected mongo mongodb://localhost/learning-db-test..."}
{"level":"info","message":"connected mongo mongodb://localhost/learning-db-test..."}
{"level":"info","message":"connected mongo mongodb://localhost/learning-db-test..."}
{"level":"info","message":"connected mongo mongodb://localhost/learning-db-test..."}
{"level":"info","message":"connected mongo mongodb://localhost/learning-db-test..."}
{"level":"info","message":"connected mongo mongodb://localhost/learning-db-test..."}
{"level":"info","message":"connected mongo mongodb://localhost/learning-db-test..."}
{"level":"info","message":"connected mongo mongodb://localhost/learning-db-test..."}
{"level":"info","message":"connected mongo mongodb://localhost/learning-db-test..."}
{"level":"info","message":"connected mongo mongodb://localhost/learning-db-test..."}
{"level":"error","message":"connect ECONNREFUSED ::1:27017"}
{"level":"error","message":"Operation `users.findOne()` buffering timed out after 10000ms"}
{"level":"error","message":"Operation `users.findOne()` buffering timed out after 10000ms"}
{"level":"error","message":"connect ECONNREFUSED ::1:27017"}
{"level":"error","message":"Operation `users.findOne()` buffering timed out after 10000ms"}
{"level":"error","message":"connect ECONNREFUSED ::1:27017"}
{"level":"info","message":"connected mongo mongodb://localhost/learning-db..."}
{"level":"info","message":"connected mongo mongodb://localhost/learning-db-test..."}
{"level":"info","message":"connected mongo mongodb://localhost/learning-db-test..."}
{"level":"info","message":"connected mongo mongodb://localhost/learning-db-test..."}
{"level":"info","message":"connected mongo mongodb://localhost/learning-db-test..."}
{"level":"info","message":"connected mongo mongodb://localhost/learning-db-test..."}
{"level":"info","message":"connected mongo mongodb://localhost/learning-db-test..."}
{"level":"info","message":"connected mongo mongodb://localhost/learning-db-test..."}
{"level":"info","message":"connected mongo mongodb://localhost/learning-db-test..."}
{"level":"info","message":"connected mongo mongodb://localhost/learning-db-test..."}
{"level":"info","message":"connected mongo mongodb://localhost/learning-db-test..."}
{"level":"info","message":"connected mongo mongodb://localhost/learning-db-test..."}
{"level":"info","message":"connected mongo mongodb://localhost/learning-db-test..."}
{"level":"info","message":"connected mongo mongodb://localhost/learning-db-test..."}
{"level":"info","message":"connected mongo mongodb://localhost/learning-db-test..."}
{"level":"info","message":"connected mongo mongodb://localhost/learning-db-test..."}
{"level":"info","message":"connected mongo mongodb://localhost/learning-db-test..."}
{"level":"info","message":"connected mongo mongodb://localhost/learning-db-test..."}
{"level":"info","message":"connected mongo mongodb://localhost/learning-db-test..."}
{"level":"info","message":"connected mongo mongodb://localhost/learning-db-test..."}
